This is pdfTeX, Version 3.141592653-2.6-1.40.27 (TeX Live 2025) (preloaded format=pdflatex)
 restricted \write18 enabled.
entering extended mode
(./thesis.tex
LaTeX2e <2024-11-01> patch level 2
L3 programming layer <2025-01-18>
(/usr/local/texlive/2025/texmf-dist/tex/latex/koma-script/scrreprt.cls
Document Class: scrreprt 2024/10/24 v3.43 KOMA-Script document class (report)
(/usr/local/texlive/2025/texmf-dist/tex/latex/koma-script/scrkbase.sty
(/usr/local/texlive/2025/texmf-dist/tex/latex/koma-script/scrbase.sty
(/usr/local/texlive/2025/texmf-dist/tex/latex/koma-script/scrlfile.sty
(/usr/local/texlive/2025/texmf-dist/tex/latex/koma-script/scrlfile-hook.sty
(/usr/local/texlive/2025/texmf-dist/tex/latex/koma-script/scrlogo.sty)))
(/usr/local/texlive/2025/texmf-dist/tex/latex/graphics/keyval.sty)))
(/usr/local/texlive/2025/texmf-dist/tex/latex/koma-script/tocbasic.sty)
(/usr/local/texlive/2025/texmf-dist/tex/latex/koma-script/scrsize11pt.clo)
(/usr/local/texlive/2025/texmf-dist/tex/latex/koma-script/typearea.sty))
(./preamble.tex (/usr/local/texlive/2025/texmf-dist/tex/generic/babel/babel.sty
(/usr/local/texlive/2025/texmf-dist/tex/generic/babel/txtbabel.def)
(/usr/local/texlive/2025/texmf-dist/tex/generic/babel-german/ngerman.ldf
(/usr/local/texlive/2025/texmf-dist/tex/generic/babel-german/ngermanb.ldf))
(/usr/local/texlive/2025/texmf-dist/tex/generic/babel-english/english.ldf))
(/usr/local/texlive/2025/texmf-dist/tex/generic/babel/locale/en/babel-english.t
ex)
(/usr/local/texlive/2025/texmf-dist/tex/generic/babel/locale/de/babel-ngerman.t
ex) (/usr/local/texlive/2025/texmf-dist/tex/latex/caption/caption.sty
(/usr/local/texlive/2025/texmf-dist/tex/latex/caption/caption3.sty
(/usr/local/texlive/2025/texmf-dist/tex/latex/caption/caption-koma.sto)))
(/usr/local/texlive/2025/texmf-dist/tex/latex/caption/subcaption.sty)
(/usr/local/texlive/2025/texmf-dist/tex/latex/placeins/placeins.sty)
(/usr/local/texlive/2025/texmf-dist/tex/latex/preview/preview.sty
(/usr/local/texlive/2025/texmf-dist/tex/generic/luatex85/luatex85.sty))
(/usr/local/texlive/2025/texmf-dist/tex/latex/diagbox/diagbox.sty
(/usr/local/texlive/2025/texmf-dist/tex/latex/pict2e/pict2e.sty
(/usr/local/texlive/2025/texmf-dist/tex/latex/pict2e/pict2e.cfg)
(/usr/local/texlive/2025/texmf-dist/tex/latex/graphics-def/pdftex.def)
(/usr/local/texlive/2025/texmf-dist/tex/latex/pict2e/p2e-pdftex.def)
(/usr/local/texlive/2025/texmf-dist/tex/latex/graphics/trig.sty))
(/usr/local/texlive/2025/texmf-dist/tex/latex/tools/calc.sty)
(/usr/local/texlive/2025/texmf-dist/tex/latex/tools/array.sty))
(/usr/local/texlive/2025/texmf-dist/tex/latex/colortbl/colortbl.sty
(/usr/local/texlive/2025/texmf-dist/tex/latex/graphics/color.sty
(/usr/local/texlive/2025/texmf-dist/tex/latex/graphics-cfg/color.cfg)
(/usr/local/texlive/2025/texmf-dist/tex/latex/graphics/mathcolor.ltx)))
(/usr/local/texlive/2025/texmf-dist/tex/latex/base/fontenc.sty)
(/usr/local/texlive/2025/texmf-dist/tex/latex/base/inputenc.sty)
(/usr/local/texlive/2025/texmf-dist/tex/latex/lipsum/lipsum.sty
(/usr/local/texlive/2025/texmf-dist/tex/latex/l3packages/l3keys2e/l3keys2e.sty
(/usr/local/texlive/2025/texmf-dist/tex/latex/l3kernel/expl3.sty
(/usr/local/texlive/2025/texmf-dist/tex/latex/l3backend/l3backend-pdftex.def)))
(/usr/local/texlive/2025/texmf-dist/tex/latex/lipsum/lipsum.ltd.tex))
(/usr/local/texlive/2025/texmf-dist/tex/latex/base/fixltx2e.sty

Package fixltx2e Warning: fixltx2e is not required with releases after 2015
(fixltx2e)                All fixes are now in the LaTeX kernel.
(fixltx2e)                See the latexrelease package for details.

) (/usr/local/texlive/2025/texmf-dist/tex/latex/graphics/graphicx.sty
(/usr/local/texlive/2025/texmf-dist/tex/latex/graphics/graphics.sty
(/usr/local/texlive/2025/texmf-dist/tex/latex/graphics-cfg/graphics.cfg)))
(/usr/local/texlive/2025/texmf-dist/tex/latex/epstopdf-pkg/epstopdf.sty
(/usr/local/texlive/2025/texmf-dist/tex/generic/infwarerr/infwarerr.sty)
(/usr/local/texlive/2025/texmf-dist/tex/latex/grfext/grfext.sty
(/usr/local/texlive/2025/texmf-dist/tex/generic/kvdefinekeys/kvdefinekeys.sty))
 (/usr/local/texlive/2025/texmf-dist/tex/latex/kvoptions/kvoptions.sty
(/usr/local/texlive/2025/texmf-dist/tex/generic/ltxcmds/ltxcmds.sty)
(/usr/local/texlive/2025/texmf-dist/tex/latex/kvsetkeys/kvsetkeys.sty))
(/usr/local/texlive/2025/texmf-dist/tex/generic/pdftexcmds/pdftexcmds.sty
(/usr/local/texlive/2025/texmf-dist/tex/generic/iftex/iftex.sty))
(/usr/local/texlive/2025/texmf-dist/tex/latex/epstopdf-pkg/epstopdf-base.sty
(/usr/local/texlive/2025/texmf-dist/tex/latex/latexconfig/epstopdf-sys.cfg)))
(/usr/local/texlive/2025/texmf-dist/tex/latex/base/makeidx.sty)
(/usr/local/texlive/2025/texmf-dist/tex/latex/float/float.sty)
(/usr/local/texlive/2025/texmf-dist/tex/latex/tools/tabularx.sty)
(/usr/local/texlive/2025/texmf-dist/tex/latex/amsfonts/amssymb.sty
(/usr/local/texlive/2025/texmf-dist/tex/latex/amsfonts/amsfonts.sty))
(/usr/local/texlive/2025/texmf-dist/tex/latex/amsmath/amsmath.sty
For additional information on amsmath, use the `?' option.
(/usr/local/texlive/2025/texmf-dist/tex/latex/amsmath/amstext.sty
(/usr/local/texlive/2025/texmf-dist/tex/latex/amsmath/amsgen.sty))
(/usr/local/texlive/2025/texmf-dist/tex/latex/amsmath/amsbsy.sty)
(/usr/local/texlive/2025/texmf-dist/tex/latex/amsmath/amsopn.sty))
(/usr/local/texlive/2025/texmf-dist/tex/latex/germbib/bibgerm.sty
** Macros for german `BibTeX'ing added to Style Option `german' 20 Apr 1993 **
** idea and languages `german' and `USenglish' implemented by M. Wallmeier **
** Modified for LaTeX 2e and german.sty 2.5b by A. Scherer 1 Nov 1995 **
** Modified for ngerman.sty and babel.sty by H. Harders 21 August 2000 **)
(/usr/local/texlive/2025/texmf-dist/tex/latex/booktabs/booktabs.sty)
(/usr/local/texlive/2025/texmf-dist/tex/latex/tools/longtable.sty)
(/usr/local/texlive/2025/texmf-dist/tex/latex/url/url.sty)
(/usr/local/texlive/2025/texmf-dist/tex/latex/pdfpages/pdfpages.sty
(/usr/local/texlive/2025/texmf-dist/tex/latex/base/ifthen.sty)
(/usr/local/texlive/2025/texmf-dist/tex/latex/eso-pic/eso-pic.sty)
(/usr/local/texlive/2025/texmf-dist/tex/latex/etoolbox/etoolbox.sty)
(/usr/local/texlive/2025/texmf-dist/tex/latex/pdfpages/pppdftex.def))
(/usr/local/texlive/2025/texmf-dist/tex/latex/hyperref/hyperref.sty
(/usr/local/texlive/2025/texmf-dist/tex/generic/pdfescape/pdfescape.sty)
(/usr/local/texlive/2025/texmf-dist/tex/latex/hycolor/hycolor.sty)
(/usr/local/texlive/2025/texmf-dist/tex/latex/hyperref/nameref.sty
(/usr/local/texlive/2025/texmf-dist/tex/latex/refcount/refcount.sty)
(/usr/local/texlive/2025/texmf-dist/tex/generic/gettitlestring/gettitlestring.s
ty)) (/usr/local/texlive/2025/texmf-dist/tex/generic/stringenc/stringenc.sty)
(/usr/local/texlive/2025/texmf-dist/tex/latex/hyperref/pd1enc.def)
(/usr/local/texlive/2025/texmf-dist/tex/generic/intcalc/intcalc.sty)
(/usr/local/texlive/2025/texmf-dist/tex/latex/hyperref/puenc.def)
(/usr/local/texlive/2025/texmf-dist/tex/generic/bitset/bitset.sty
(/usr/local/texlive/2025/texmf-dist/tex/generic/bigintcalc/bigintcalc.sty))
(/usr/local/texlive/2025/texmf-dist/tex/latex/base/atbegshi-ltx.sty))
(/usr/local/texlive/2025/texmf-dist/tex/latex/hyperref/hpdftex.def
(/usr/local/texlive/2025/texmf-dist/tex/latex/base/atveryend-ltx.sty)
(/usr/local/texlive/2025/texmf-dist/tex/latex/rerunfilecheck/rerunfilecheck.sty

(/usr/local/texlive/2025/texmf-dist/tex/generic/uniquecounter/uniquecounter.sty
))) (/usr/local/texlive/2025/texmf-dist/tex/latex/multirow/multirow.sty)
(/usr/local/texlive/2025/texmf-dist/tex/latex/wrapfig/wrapfig.sty)
(/usr/local/texlive/2025/texmf-dist/tex/latex/tocvsec2/tocvsec2.sty)
(/usr/local/texlive/2025/texmf-dist/tex/latex/tools/xspace.sty)
(/usr/local/texlive/2025/texmf-dist/tex/latex/tools/bm.sty)
(/usr/local/texlive/2025/texmf-dist/tex/latex/pgfplots/pgfplots.sty
(/usr/local/texlive/2025/texmf-dist/tex/generic/pgfplots/pgfplots.revision.tex)
(/usr/local/texlive/2025/texmf-dist/tex/latex/pgf/frontendlayer/tikz.sty
(/usr/local/texlive/2025/texmf-dist/tex/latex/pgf/basiclayer/pgf.sty
(/usr/local/texlive/2025/texmf-dist/tex/latex/pgf/utilities/pgfrcs.sty
(/usr/local/texlive/2025/texmf-dist/tex/generic/pgf/utilities/pgfutil-common.te
x)
(/usr/local/texlive/2025/texmf-dist/tex/generic/pgf/utilities/pgfutil-latex.def
) (/usr/local/texlive/2025/texmf-dist/tex/generic/pgf/utilities/pgfrcs.code.tex
(/usr/local/texlive/2025/texmf-dist/tex/generic/pgf/pgf.revision.tex)))
(/usr/local/texlive/2025/texmf-dist/tex/latex/pgf/basiclayer/pgfcore.sty
(/usr/local/texlive/2025/texmf-dist/tex/latex/pgf/systemlayer/pgfsys.sty
(/usr/local/texlive/2025/texmf-dist/tex/generic/pgf/systemlayer/pgfsys.code.tex
(/usr/local/texlive/2025/texmf-dist/tex/generic/pgf/utilities/pgfkeys.code.tex
(/usr/local/texlive/2025/texmf-dist/tex/generic/pgf/utilities/pgfkeyslibraryfil
tered.code.tex))
(/usr/local/texlive/2025/texmf-dist/tex/generic/pgf/systemlayer/pgf.cfg)
(/usr/local/texlive/2025/texmf-dist/tex/generic/pgf/systemlayer/pgfsys-pdftex.d
ef
(/usr/local/texlive/2025/texmf-dist/tex/generic/pgf/systemlayer/pgfsys-common-p
df.def)))
(/usr/local/texlive/2025/texmf-dist/tex/generic/pgf/systemlayer/pgfsyssoftpath.
code.tex)
(/usr/local/texlive/2025/texmf-dist/tex/generic/pgf/systemlayer/pgfsysprotocol.
code.tex)) (/usr/local/texlive/2025/texmf-dist/tex/latex/xcolor/xcolor.sty
(/usr/local/texlive/2025/texmf-dist/tex/latex/graphics-cfg/color.cfg)
(/usr/local/texlive/2025/texmf-dist/tex/latex/graphics/mathcolor.ltx))
(/usr/local/texlive/2025/texmf-dist/tex/generic/pgf/basiclayer/pgfcore.code.tex
(/usr/local/texlive/2025/texmf-dist/tex/generic/pgf/math/pgfmath.code.tex
(/usr/local/texlive/2025/texmf-dist/tex/generic/pgf/math/pgfmathutil.code.tex)
(/usr/local/texlive/2025/texmf-dist/tex/generic/pgf/math/pgfmathparser.code.tex
)
(/usr/local/texlive/2025/texmf-dist/tex/generic/pgf/math/pgfmathfunctions.code.
tex)
(/usr/local/texlive/2025/texmf-dist/tex/generic/pgf/math/pgfmathfunctions.basic
.code.tex)
(/usr/local/texlive/2025/texmf-dist/tex/generic/pgf/math/pgfmathfunctions.trigo
nometric.code.tex)
(/usr/local/texlive/2025/texmf-dist/tex/generic/pgf/math/pgfmathfunctions.rando
m.code.tex)
(/usr/local/texlive/2025/texmf-dist/tex/generic/pgf/math/pgfmathfunctions.compa
rison.code.tex)
(/usr/local/texlive/2025/texmf-dist/tex/generic/pgf/math/pgfmathfunctions.base.
code.tex)
(/usr/local/texlive/2025/texmf-dist/tex/generic/pgf/math/pgfmathfunctions.round
.code.tex)
(/usr/local/texlive/2025/texmf-dist/tex/generic/pgf/math/pgfmathfunctions.misc.
code.tex)
(/usr/local/texlive/2025/texmf-dist/tex/generic/pgf/math/pgfmathfunctions.integ
erarithmetics.code.tex)
(/usr/local/texlive/2025/texmf-dist/tex/generic/pgf/math/pgfmathcalc.code.tex)
(/usr/local/texlive/2025/texmf-dist/tex/generic/pgf/math/pgfmathfloat.code.tex)
) (/usr/local/texlive/2025/texmf-dist/tex/generic/pgf/math/pgfint.code.tex)
(/usr/local/texlive/2025/texmf-dist/tex/generic/pgf/basiclayer/pgfcorepoints.co
de.tex)
(/usr/local/texlive/2025/texmf-dist/tex/generic/pgf/basiclayer/pgfcorepathconst
ruct.code.tex)
(/usr/local/texlive/2025/texmf-dist/tex/generic/pgf/basiclayer/pgfcorepathusage
.code.tex)
(/usr/local/texlive/2025/texmf-dist/tex/generic/pgf/basiclayer/pgfcorescopes.co
de.tex)
(/usr/local/texlive/2025/texmf-dist/tex/generic/pgf/basiclayer/pgfcoregraphicst
ate.code.tex)
(/usr/local/texlive/2025/texmf-dist/tex/generic/pgf/basiclayer/pgfcoretransform
ations.code.tex)
(/usr/local/texlive/2025/texmf-dist/tex/generic/pgf/basiclayer/pgfcorequick.cod
e.tex)
(/usr/local/texlive/2025/texmf-dist/tex/generic/pgf/basiclayer/pgfcoreobjects.c
ode.tex)
(/usr/local/texlive/2025/texmf-dist/tex/generic/pgf/basiclayer/pgfcorepathproce
ssing.code.tex)
(/usr/local/texlive/2025/texmf-dist/tex/generic/pgf/basiclayer/pgfcorearrows.co
de.tex)
(/usr/local/texlive/2025/texmf-dist/tex/generic/pgf/basiclayer/pgfcoreshade.cod
e.tex)
(/usr/local/texlive/2025/texmf-dist/tex/generic/pgf/basiclayer/pgfcoreimage.cod
e.tex)
(/usr/local/texlive/2025/texmf-dist/tex/generic/pgf/basiclayer/pgfcoreexternal.
code.tex)
(/usr/local/texlive/2025/texmf-dist/tex/generic/pgf/basiclayer/pgfcorelayers.co
de.tex)
(/usr/local/texlive/2025/texmf-dist/tex/generic/pgf/basiclayer/pgfcoretranspare
ncy.code.tex)
(/usr/local/texlive/2025/texmf-dist/tex/generic/pgf/basiclayer/pgfcorepatterns.
code.tex)
(/usr/local/texlive/2025/texmf-dist/tex/generic/pgf/basiclayer/pgfcorerdf.code.
tex)))
(/usr/local/texlive/2025/texmf-dist/tex/generic/pgf/modules/pgfmoduleshapes.cod
e.tex)
(/usr/local/texlive/2025/texmf-dist/tex/generic/pgf/modules/pgfmoduleplot.code.
tex)
(/usr/local/texlive/2025/texmf-dist/tex/latex/pgf/compatibility/pgfcomp-version
-0-65.sty)
(/usr/local/texlive/2025/texmf-dist/tex/latex/pgf/compatibility/pgfcomp-version
-1-18.sty))
(/usr/local/texlive/2025/texmf-dist/tex/latex/pgf/utilities/pgffor.sty
(/usr/local/texlive/2025/texmf-dist/tex/latex/pgf/utilities/pgfkeys.sty
(/usr/local/texlive/2025/texmf-dist/tex/generic/pgf/utilities/pgfkeys.code.tex)
) (/usr/local/texlive/2025/texmf-dist/tex/latex/pgf/math/pgfmath.sty
(/usr/local/texlive/2025/texmf-dist/tex/generic/pgf/math/pgfmath.code.tex))
(/usr/local/texlive/2025/texmf-dist/tex/generic/pgf/utilities/pgffor.code.tex))

(/usr/local/texlive/2025/texmf-dist/tex/generic/pgf/frontendlayer/tikz/tikz.cod
e.tex
(/usr/local/texlive/2025/texmf-dist/tex/generic/pgf/libraries/pgflibraryplothan
dlers.code.tex)
(/usr/local/texlive/2025/texmf-dist/tex/generic/pgf/modules/pgfmodulematrix.cod
e.tex)
(/usr/local/texlive/2025/texmf-dist/tex/generic/pgf/frontendlayer/tikz/librarie
s/tikzlibrarytopaths.code.tex)))
(/usr/local/texlive/2025/texmf-dist/tex/generic/pgfplots/pgfplots.code.tex
(/usr/local/texlive/2025/texmf-dist/tex/generic/pgfplots/pgfplotscore.code.tex
(/usr/local/texlive/2025/texmf-dist/tex/generic/pgfplots/sys/pgfplotssysgeneric
.code.tex))
(/usr/local/texlive/2025/texmf-dist/tex/generic/pgfplots/libs/pgfplotslibrary.c
ode.tex)
(/usr/local/texlive/2025/texmf-dist/tex/generic/pgfplots/oldpgfcompatib/pgfplot
soldpgfsupp_loader.code.tex
(/usr/local/texlive/2025/texmf-dist/tex/generic/pgf/libraries/pgflibraryfpu.cod
e.tex)
Package pgfplots: loading complementary utilities for your pgf version...

(/usr/local/texlive/2025/texmf-dist/tex/generic/pgfplots/oldpgfcompatib/pgfplot
soldpgfsupp_pgfutil-common-lists.tex))
(/usr/local/texlive/2025/texmf-dist/tex/generic/pgfplots/util/pgfplotsutil.code
.tex
(/usr/local/texlive/2025/texmf-dist/tex/generic/pgfplots/liststructure/pgfplots
liststructure.code.tex)
(/usr/local/texlive/2025/texmf-dist/tex/generic/pgfplots/liststructure/pgfplots
liststructureext.code.tex)
(/usr/local/texlive/2025/texmf-dist/tex/generic/pgfplots/liststructure/pgfplots
array.code.tex)
(/usr/local/texlive/2025/texmf-dist/tex/generic/pgfplots/liststructure/pgfplots
matrix.code.tex)
(/usr/local/texlive/2025/texmf-dist/tex/generic/pgfplots/numtable/pgfplotstable
shared.code.tex)
(/usr/local/texlive/2025/texmf-dist/tex/generic/pgfplots/liststructure/pgfplots
deque.code.tex)
(/usr/local/texlive/2025/texmf-dist/tex/generic/pgfplots/util/pgfplotsbinary.co
de.tex
(/usr/local/texlive/2025/texmf-dist/tex/generic/pgfplots/util/pgfplotsbinary.da
ta.code.tex))
(/usr/local/texlive/2025/texmf-dist/tex/generic/pgfplots/util/pgfplotsutil.verb
.code.tex)
(/usr/local/texlive/2025/texmf-dist/tex/generic/pgfplots/libs/pgflibrarypgfplot
s.surfshading.code.tex
(/usr/local/texlive/2025/texmf-dist/tex/generic/pgfplots/sys/pgflibrarypgfplots
.surfshading.pgfsys-pdftex.def)))
(/usr/local/texlive/2025/texmf-dist/tex/generic/pgfplots/util/pgfplotscolormap.
code.tex
(/usr/local/texlive/2025/texmf-dist/tex/generic/pgfplots/util/pgfplotscolor.cod
e.tex))
(/usr/local/texlive/2025/texmf-dist/tex/generic/pgfplots/pgfplotsstackedplots.c
ode.tex)
(/usr/local/texlive/2025/texmf-dist/tex/generic/pgfplots/pgfplotsplothandlers.c
ode.tex
(/usr/local/texlive/2025/texmf-dist/tex/generic/pgfplots/pgfplotsmeshplothandle
r.code.tex
(/usr/local/texlive/2025/texmf-dist/tex/generic/pgfplots/pgfplotsmeshplotimage.
code.tex)))
(/usr/local/texlive/2025/texmf-dist/tex/generic/pgfplots/pgfplots.scaling.code.
tex)
(/usr/local/texlive/2025/texmf-dist/tex/generic/pgfplots/pgfplotscoordprocessin
g.code.tex)
(/usr/local/texlive/2025/texmf-dist/tex/generic/pgfplots/pgfplots.errorbars.cod
e.tex)
(/usr/local/texlive/2025/texmf-dist/tex/generic/pgfplots/pgfplots.markers.code.
tex)
(/usr/local/texlive/2025/texmf-dist/tex/generic/pgfplots/pgfplotsticks.code.tex
)
(/usr/local/texlive/2025/texmf-dist/tex/generic/pgfplots/pgfplots.paths.code.te
x)
(/usr/local/texlive/2025/texmf-dist/tex/generic/pgf/frontendlayer/tikz/librarie
s/tikzlibrarydecorations.code.tex
(/usr/local/texlive/2025/texmf-dist/tex/generic/pgf/modules/pgfmoduledecoration
s.code.tex))
(/usr/local/texlive/2025/texmf-dist/tex/generic/pgf/frontendlayer/tikz/librarie
s/tikzlibrarydecorations.pathmorphing.code.tex
(/usr/local/texlive/2025/texmf-dist/tex/generic/pgf/libraries/decorations/pgfli
brarydecorations.pathmorphing.code.tex))
(/usr/local/texlive/2025/texmf-dist/tex/generic/pgf/frontendlayer/tikz/librarie
s/tikzlibrarydecorations.pathreplacing.code.tex
(/usr/local/texlive/2025/texmf-dist/tex/generic/pgf/libraries/decorations/pgfli
brarydecorations.pathreplacing.code.tex))
(/usr/local/texlive/2025/texmf-dist/tex/generic/pgfplots/libs/tikzlibrarypgfplo
ts.contourlua.code.tex))
(/usr/local/texlive/2025/texmf-dist/tex/generic/pgf/frontendlayer/tikz/librarie
s/tikzlibraryplotmarks.code.tex
(/usr/local/texlive/2025/texmf-dist/tex/generic/pgf/libraries/pgflibraryplotmar
ks.code.tex)))
(/usr/local/texlive/2025/texmf-dist/tex/latex/underscore/underscore.sty)
(/usr/local/texlive/2025/texmf-dist/tex/latex/firstaid/underscore-ltx.sty)
(/usr/local/texlive/2025/texmf-dist/tex/latex/cancel/cancel.sty)
(/usr/local/texlive/2025/texmf-dist/tex/latex/units/nicefrac.sty)
(/usr/local/texlive/2025/texmf-dist/tex/latex/natbib/natbib.sty)
(/usr/local/texlive/2025/texmf-dist/tex/latex/tikz-3dplot/tikz-3dplot.sty
(/usr/local/texlive/2025/texmf-dist/tex/generic/pgf/frontendlayer/tikz/librarie
s/tikzlibrarycalc.code.tex)
(/usr/local/texlive/2025/texmf-dist/tex/generic/pgf/frontendlayer/tikz/librarie
s/tikzlibrary3d.code.tex)
(/usr/local/texlive/2025/texmf-dist/tex/generic/pgf/frontendlayer/tikz/librarie
s/tikzlibraryarrows.code.tex
(/usr/local/texlive/2025/texmf-dist/tex/generic/pgf/libraries/pgflibraryarrows.
code.tex)))
(/usr/local/texlive/2025/texmf-dist/tex/generic/pgf/frontendlayer/tikz/librarie
s/tikzlibraryshapes.code.tex
(/usr/local/texlive/2025/texmf-dist/tex/generic/pgf/frontendlayer/tikz/librarie
s/tikzlibraryshapes.geometric.code.tex
(/usr/local/texlive/2025/texmf-dist/tex/generic/pgf/libraries/shapes/pgflibrary
shapes.geometric.code.tex))
(/usr/local/texlive/2025/texmf-dist/tex/generic/pgf/frontendlayer/tikz/librarie
s/tikzlibraryshapes.misc.code.tex
(/usr/local/texlive/2025/texmf-dist/tex/generic/pgf/libraries/shapes/pgflibrary
shapes.misc.code.tex))
(/usr/local/texlive/2025/texmf-dist/tex/generic/pgf/frontendlayer/tikz/librarie
s/tikzlibraryshapes.symbols.code.tex
(/usr/local/texlive/2025/texmf-dist/tex/generic/pgf/libraries/shapes/pgflibrary
shapes.symbols.code.tex))
(/usr/local/texlive/2025/texmf-dist/tex/generic/pgf/frontendlayer/tikz/librarie
s/tikzlibraryshapes.arrows.code.tex
(/usr/local/texlive/2025/texmf-dist/tex/generic/pgf/libraries/shapes/pgflibrary
shapes.arrows.code.tex))
(/usr/local/texlive/2025/texmf-dist/tex/generic/pgf/frontendlayer/tikz/librarie
s/tikzlibraryshapes.callouts.code.tex
(/usr/local/texlive/2025/texmf-dist/tex/generic/pgf/libraries/shapes/pgflibrary
shapes.callouts.code.tex))
(/usr/local/texlive/2025/texmf-dist/tex/generic/pgf/frontendlayer/tikz/librarie
s/tikzlibraryshapes.multipart.code.tex
(/usr/local/texlive/2025/texmf-dist/tex/generic/pgf/libraries/shapes/pgflibrary
shapes.multipart.code.tex)))
(/usr/local/texlive/2025/texmf-dist/tex/generic/pgf/frontendlayer/tikz/librarie
s/tikzlibrarypatterns.code.tex
(/usr/local/texlive/2025/texmf-dist/tex/generic/pgf/libraries/pgflibrarypattern
s.code.tex))
(/usr/local/texlive/2025/texmf-dist/tex/generic/pgf/frontendlayer/tikz/librarie
s/tikzlibrarydecorations.markings.code.tex
(/usr/local/texlive/2025/texmf-dist/tex/generic/pgf/libraries/decorations/pgfli
brarydecorations.markings.code.tex))
(/usr/local/texlive/2025/texmf-dist/tex/latex/geometry/geometry.sty
(/usr/local/texlive/2025/texmf-dist/tex/generic/iftex/ifvtex.sty))
(/usr/local/texlive/2025/texmf-dist/tex/latex/nomencl/nomencl.sty
(/usr/local/texlive/2025/texmf-dist/tex/latex/xkeyval/xkeyval.sty
(/usr/local/texlive/2025/texmf-dist/tex/generic/xkeyval/xkeyval.tex
(/usr/local/texlive/2025/texmf-dist/tex/generic/xkeyval/xkvutils.tex))))
Writing index file thesis.idx
(/usr/local/texlive/2025/texmf-dist/tex/latex/glossaries/base/glossaries.sty
(/usr/local/texlive/2025/texmf-dist/tex/latex/mfirstuc/mfirstuc.sty)
(/usr/local/texlive/2025/texmf-dist/tex/latex/xfor/xfor.sty)
(/usr/local/texlive/2025/texmf-dist/tex/latex/tracklang/tracklang.sty
(/usr/local/texlive/2025/texmf-dist/tex/generic/tracklang/tracklang.tex))
(/usr/local/texlive/2025/texmf-dist/tex/latex/translator/translator.sty)
(/usr/local/texlive/2025/texmf-dist/tex/latex/glossaries-english/glossaries-eng
lish.ldf)
(/usr/local/texlive/2025/texmf-dist/tex/latex/glossaries-german/glossaries-germ
an.ldf)
(/usr/local/texlive/2025/texmf-dist/tex/latex/datatool/datatool-base.sty
(/usr/local/texlive/2025/texmf-dist/tex/latex/datatool/datatool-l3fp.def)
(/usr/local/texlive/2025/texmf-dist/tex/latex/datatool/datatool-utf8.ldf)
(/usr/local/texlive/2025/texmf-dist/tex/latex/datatool-english/datatool-english
.ldf
(/usr/local/texlive/2025/texmf-dist/tex/latex/datatool-english/datatool-english
-utf8.ldf))

Package tracklang Warning: No `datatool' support for dialect `ngerman'  on inpu
t line 9897.

)
(/usr/local/texlive/2025/texmf-dist/tex/latex/glossaries/styles/glossary-hypern
av.sty)
(/usr/local/texlive/2025/texmf-dist/tex/latex/glossaries/styles/glossary-list.s
ty)
(/usr/local/texlive/2025/texmf-dist/tex/latex/glossaries/styles/glossary-long.s
ty)
(/usr/local/texlive/2025/texmf-dist/tex/latex/glossaries/styles/glossary-super.
sty (/usr/local/texlive/2025/texmf-dist/tex/latex/supertabular/supertabular.sty
))
(/usr/local/texlive/2025/texmf-dist/tex/latex/glossaries/styles/glossary-tree.s
ty)) (/usr/local/texlive/2025/texmf-dist/tex/latex/xargs/xargs.sty)

LaTeX Warning: Package "xcolor" has already been loaded: ignoring load-time
(LaTeX)        option "pdftex".

(/usr/local/texlive/2025/texmf-dist/tex/latex/graphics/dvipsnam.def)
(/usr/local/texlive/2025/texmf-dist/tex/latex/todonotes/todonotes.sty
(/usr/local/texlive/2025/texmf-dist/tex/generic/pgf/frontendlayer/tikz/librarie
s/tikzlibrarypositioning.code.tex)))

Package hyperref Warning: Option `pagecolor' is not available anymore.

(./thesis.aux (./chapters/introduction.aux) (./chapters/theory.aux)
(./chapters/methods.aux) (./chapters/validation.aux) (./chapters/results.aux

LaTeX Warning: Label `fig:R100deg30Re1200U' multiply defined.


LaTeX Warning: Label `sub@fig:R100deg30Re1200U' multiply defined.


LaTeX Warning: Label `fig:R100deg30Re1200Fluct' multiply defined.


LaTeX Warning: Label `sub@fig:R100deg30Re1200Fluct' multiply defined.


LaTeX Warning: Label `fig:R100deg30Re1200Beta' multiply defined.


LaTeX Warning: Label `sub@fig:R100deg30Re1200Beta' multiply defined.


LaTeX Warning: Label `fig:R100deg30Re1200Budget' multiply defined.


LaTeX Warning: Label `sub@fig:R100deg30Re1200Budget' multiply defined.


LaTeX Warning: Label `fig:R100deg30Re1200' multiply defined.


LaTeX Warning: Label `fig:R100deg30Re1200U' multiply defined.


LaTeX Warning: Label `sub@fig:R100deg30Re1200U' multiply defined.


LaTeX Warning: Label `fig:R100deg30Re1200Fluct' multiply defined.


LaTeX Warning: Label `sub@fig:R100deg30Re1200Fluct' multiply defined.


LaTeX Warning: Label `fig:R100deg30Re1200Beta' multiply defined.


LaTeX Warning: Label `sub@fig:R100deg30Re1200Beta' multiply defined.


LaTeX Warning: Label `fig:R100deg30Re1200Budget' multiply defined.


LaTeX Warning: Label `sub@fig:R100deg30Re1200Budget' multiply defined.


LaTeX Warning: Label `fig:R100deg30Re1200' multiply defined.


LaTeX Warning: Label `fig:R100deg30Re1200U' multiply defined.


LaTeX Warning: Label `sub@fig:R100deg30Re1200U' multiply defined.


LaTeX Warning: Label `fig:R100deg30Re1200Fluct' multiply defined.


LaTeX Warning: Label `sub@fig:R100deg30Re1200Fluct' multiply defined.


LaTeX Warning: Label `fig:R100deg30Re1200Beta' multiply defined.


LaTeX Warning: Label `sub@fig:R100deg30Re1200Beta' multiply defined.


LaTeX Warning: Label `fig:R100deg30Re1200Budget' multiply defined.


LaTeX Warning: Label `sub@fig:R100deg30Re1200Budget' multiply defined.


LaTeX Warning: Label `fig:R100deg30Re1200' multiply defined.

) (./chapters/literaturverzeichnis.aux) (./chapters/anhang1.aux))
(/usr/local/texlive/2025/texmf-dist/tex/latex/caption/ltcaption.sty)
(/usr/local/texlive/2025/texmf-dist/tex/context/base/mkii/supp-pdf.mkii
[Loading MPS to PDF converter (version 2006.09.02).]
)

bibgerm.sty: babel.sty detected

(/usr/local/texlive/2025/texmf-dist/tex/latex/pdflscape/pdflscape.sty
(/usr/local/texlive/2025/texmf-dist/tex/latex/pdflscape/pdflscape-nometadata.st
y (/usr/local/texlive/2025/texmf-dist/tex/latex/graphics/lscape.sty)))
(./thesis.out) (./thesis.out)
(/usr/local/texlive/2025/texmf-dist/tex/latex/bookmark/bookmark.sty
(/usr/local/texlive/2025/texmf-dist/tex/latex/bookmark/bkm-pdftex.def))
Package pgfplots notification 'compat/show suggested version=true': you might b
enefit from \pgfplotsset{compat=1.18} (current compat level: 1.4).

*geometry* driver: auto-detecting
*geometry* detected driver: pdftex

[1 <./digitale_Vorlage_Abschlussarbeit_TechFak_ENG.pdf>]
[2]
[3{/usr/local/texlive/2025/texmf-var/fonts/map/pdftex/updmap/pdftex.map}{/usr/l
ocal/texlive/2025/texmf-dist/fonts/enc/dvips/cm-super/cm-super-t1.enc} <./image
s/LSTM_Logo.pdf>]
[4] (/usr/local/texlive/2025/texmf-dist/tex/latex/amsfonts/umsa.fd)
(/usr/local/texlive/2025/texmf-dist/tex/latex/amsfonts/umsb.fd)
[5]
[6]
[7]
[8] (./thesis.toc
Underfull \vbox (badness 1466) has occurred while \output is active
[1])
[2] (./thesis.lof)
[3] (./thesis.lot) (./thesis.acr
[4])

pdfTeX warning (ext4): destination with the same identifier (name{page.1}) has 
been already used, duplicate ignored
<to be read again> 
                   \relax 
l.259 \include{chapters/introduction}
                                      [1] (./chapters/introduction.tex
chapter 1.
)

pdfTeX warning (ext4): destination with the same identifier (name{page.2}) has 
been already used, duplicate ignored
<to be read again> 
                   \relax 
l.259 \include{chapters/introduction}
                                      [2{/usr/local/texlive/2025/texmf-dist/fon
ts/enc/dvips/cm-super/cm-super-ts1.enc}] (./chapters/theory.tex
chapter 2.


pdfTeX warning (ext4): destination with the same identifier (name{page.3}) has 
been already used, duplicate ignored
<to be read again> 
                   \relax 
l.54 \begin{equation}
                      [3]

pdfTeX warning (ext4): destination with the same identifier (name{page.4}) has 
been already used, duplicate ignored
<to be read again> 
                   \relax 
l.98 \begin{gather}
                   \label{eq: tblThickness} [4]

pdfTeX warning (ext4): destination with the same identifier (name{page.5}) has 
been already used, duplicate ignored
<to be read again> 
                   \relax 
l.175 \begin{gather}
                     [5] (./images/Uplus_referenceOnly_txt.pgf

LaTeX Font Warning: Font shape `OT1/cmr/m/n' in size <5.5> not available
(Font)              size <5> substituted on input line 115.


LaTeX Font Warning: Font shape `OML/cmm/m/it' in size <5.5> not available
(Font)              size <5> substituted on input line 115.


LaTeX Font Warning: Font shape `OMS/cmsy/m/n' in size <5.5> not available
(Font)              size <5> substituted on input line 115.


LaTeX Font Warning: Font shape `OT1/cmr/bx/n' in size <5.5> not available
(Font)              size <5> substituted on input line 115.


LaTeX Font Warning: Font shape `OML/cmm/b/it' in size <5.5> not available
(Font)              size <5> substituted on input line 115.


LaTeX Font Warning: Font shape `OMS/cmsy/b/n' in size <5.5> not available
(Font)              size <5> substituted on input line 115.


LaTeX Font Warning: Font shape `OT1/cmr/m/n' in size <6.41406> not available
(Font)              size <6> substituted on input line 2685.


LaTeX Font Warning: Font shape `OT1/cmr/m/n' in size <4.5815> not available
(Font)              size <5> substituted on input line 2685.


LaTeX Font Warning: Font shape `OML/cmm/m/it' in size <6.41406> not available
(Font)              size <6> substituted on input line 2685.


LaTeX Font Warning: Font shape `OML/cmm/m/it' in size <4.5815> not available
(Font)              size <5> substituted on input line 2685.


LaTeX Font Warning: Font shape `OMS/cmsy/m/n' in size <6.41406> not available
(Font)              size <6> substituted on input line 2685.


LaTeX Font Warning: Font shape `OMS/cmsy/m/n' in size <4.5815> not available
(Font)              size <5> substituted on input line 2685.


LaTeX Font Warning: Font shape `OT1/cmr/bx/n' in size <6.41406> not available
(Font)              size <6> substituted on input line 2685.


LaTeX Font Warning: Font shape `OT1/cmr/bx/n' in size <4.5815> not available
(Font)              size <5> substituted on input line 2685.


LaTeX Font Warning: Font shape `OML/cmm/b/it' in size <6.41406> not available
(Font)              size <6> substituted on input line 2685.


LaTeX Font Warning: Font shape `OML/cmm/b/it' in size <4.5815> not available
(Font)              size <5> substituted on input line 2685.


LaTeX Font Warning: Font shape `OMS/cmsy/b/n' in size <6.41406> not available
(Font)              size <6> substituted on input line 2685.


LaTeX Font Warning: Font shape `OMS/cmsy/b/n' in size <4.5815> not available
(Font)              size <5> substituted on input line 2685.

)

pdfTeX warning (ext4): destination with the same identifier (name{page.6}) has 
been already used, duplicate ignored
<to be read again> 
                   \relax 
l.214 
       [6]

pdfTeX warning (ext4): destination with the same identifier (name{page.7}) has 
been already used, duplicate ignored
<to be read again> 
                   \relax 
l.284 \begin{equation}
                      \label{eq:bernoulli} [7]

pdfTeX warning (ext4): destination with the same identifier (name{page.8}) has 
been already used, duplicate ignored
<to be read again> 
                   \relax 
l.331 
       [8]
Underfull \vbox (badness 10000) has occurred while \output is active
[9])
[10] (./chapters/methods.tex
chapter 3.

[11] (./images/gll_points.pgf)
Underfull \vbox (badness 10000) has occurred while \output is active
[12] (./images/fvm_stencil.pgf

LaTeX Font Warning: Font shape `T1/cmr/m/n' in size <13> not available
(Font)              size <12> substituted on input line 768.


LaTeX Font Warning: Font shape `OT1/cmr/m/n' in size <13> not available
(Font)              size <12> substituted on input line 768.


LaTeX Font Warning: Font shape `OT1/cmr/m/n' in size <6.5> not available
(Font)              size <6> substituted on input line 768.


LaTeX Font Warning: Font shape `OML/cmm/m/it' in size <13> not available
(Font)              size <12> substituted on input line 768.


LaTeX Font Warning: Font shape `OML/cmm/m/it' in size <6.5> not available
(Font)              size <6> substituted on input line 768.


LaTeX Font Warning: Font shape `OMS/cmsy/m/n' in size <13> not available
(Font)              size <12> substituted on input line 768.


LaTeX Font Warning: Font shape `OMS/cmsy/m/n' in size <6.5> not available
(Font)              size <6> substituted on input line 768.


LaTeX Font Warning: Font shape `OT1/cmr/bx/n' in size <13> not available
(Font)              size <12> substituted on input line 768.


LaTeX Font Warning: Font shape `OT1/cmr/bx/n' in size <6.5> not available
(Font)              size <6> substituted on input line 768.


LaTeX Font Warning: Font shape `OML/cmm/b/it' in size <13> not available
(Font)              size <12> substituted on input line 768.


LaTeX Font Warning: Font shape `OML/cmm/b/it' in size <6.5> not available
(Font)              size <6> substituted on input line 768.


LaTeX Font Warning: Font shape `OMS/cmsy/b/n' in size <13> not available
(Font)              size <12> substituted on input line 768.


LaTeX Font Warning: Font shape `OMS/cmsy/b/n' in size <6.5> not available
(Font)              size <6> substituted on input line 768.

)
[13]
[14]
Underfull \hbox (badness 10000) in paragraph at lines 182--190


Underfull \hbox (badness 10000) in paragraph at lines 196--211


[15] (./images/domain_overview.pgf)
Underfull \vbox (badness 2529) has occurred while \output is active
[16 <./images/curvedDomain_IC.pdf>]
[17]
[18]
[19 <./images/BOGP_flowchart_horizontal.pdf>] (./images/domain_cps.pgf)
[20]
[21]
[22])
[23]
No file chapters/validation.tex.
(./chapters/results.tex
chapter 4.
(./images/R100deg30/comparison_plots/Re700/UplusNearWall_txt_Re700_bycase.pgf)
(./images/R100deg30/comparison_plots/Re700/fluctuations_txt_Re700_bycase.pgf)
(./images/R100deg30/comparison_plots/Re700/beta_streamwise_txt.pgf)
(./images/R100deg30/comparison_plots/Re700/budget_txt_Re700_k_linestyle.pgf)
(./images/R100deg30/comparison_plots/Re1200/UplusNearWall_txt_Re1200_bycase.pgf
)
(./images/R100deg30/comparison_plots/Re1200/fluctuations_txt_Re1200_bycase.pgf)

(./images/R100deg30/comparison_plots/Retau_Retheta_vs_s_over_delta99ref_txt.pgf
)
(./images/R100deg30/comparison_plots/delta99_theta_vs_s_over_delta99ref_txt.pgf
)
Underfull \vbox (badness 10000) has occurred while \output is active
[24]
(./images/R100deg30/comparison_plots/delta_wall_pressure_bendmean_vs_s_over_del
ta0_txt.pgf) (./images/R100deg30/comparison_plots/Ue_vs_s_over_delta0_txt.pgf)
(./images/R100deg30/comparison_plots/beta_vs_s_over_delta99ref_txt.pgf)
(./images/R100deg30/comparison_plots/Re1200/budget_txt_Re1200_k_linestyle.pgf)
Underfull \vbox (badness 10000) has occurred while \output is active
[25]
(./images/R500deg18/comparison_plots/Re1200/UplusNearWall_txt_Re1200_bycase.pgf
)
(./images/R500deg18/comparison_plots/Re1200/fluctuations_txt_Re1200_bycase.pgf)

(./images/R500deg18/comparison_plots/Retau_Retheta_vs_s_over_delta99ref_txt.pgf
)
(./images/R500deg18/comparison_plots/delta99_theta_vs_s_over_delta99ref_txt.pgf
)
Underfull \vbox (badness 10000) has occurred while \output is active
[26]
(./images/R500deg18/comparison_plots/delta_wall_pressure_bendmean_vs_s_over_del
ta0_txt.pgf) (./images/R500deg18/comparison_plots/Ue_vs_s_over_delta0_txt.pgf)
(./images/R500deg18/comparison_plots/beta_vs_s_over_delta99ref_txt.pgf)
(./images/R500deg18/comparison_plots/Re1200/budget_txt_Re1200_k_linestyle.pgf)
Underfull \vbox (badness 10000) has occurred while \output is active
[27])
[28] (./chapters/literaturverzeichnis.tex (./thesis.bbl
chapter without number

[29]
[30]
[31]))
[32]

Class scrreprt Warning: You are using `\begin{appendix}...\end{appendix}'.
(scrreprt)              You should note, that `\appendix' is a mostly globally
(scrreprt)              working command not an enviroment with only local
(scrreprt)              effects. Therefore `\end{appendix}' will neither
(scrreprt)              switch back to normal section numbering nor finish
(scrreprt)              every other effect of `\begin{appendix}'.
(scrreprt)              Nevertheless, some effects may end with
(scrreprt)              `\end{appendix}' and the document may become
(scrreprt)              inconsistent.
(scrreprt)              Because of this, you should remove `\end{appendix}'
(scrreprt)              and replace `\begin{appendix}' by command
(scrreprt)              `\appendix' on input line 276.

(./chapters/anhang1.tex
chapter A.
)
[33] (./thesis.aux (./chapters/introduction.aux) (./chapters/theory.aux)
(./chapters/methods.aux) (./chapters/validation.aux) (./chapters/results.aux)
(./chapters/literaturverzeichnis.aux) (./chapters/anhang1.aux))

LaTeX Font Warning: Size substitutions with differences
(Font)              up to 1.0pt have occurred.


LaTeX Warning: There were multiply-defined labels.

 )
(see the transcript file for additional information)
pdfTeX warning (dest): name{glo:simple} has been referenced but does not exist,
 replaced by a fixed one


pdfTeX warning (dest): name{glo:fvm} has been referenced but does not exist, re
placed by a fixed one


pdfTeX warning (dest): name{glo:gll} has been referenced but does not exist, re
placed by a fixed one


pdfTeX warning (dest): name{glo:fem} has been referenced but does not exist, re
placed by a fixed one


pdfTeX warning (dest): name{glo:cfd} has been referenced but does not exist, re
placed by a fixed one


pdfTeX warning (dest): name{glo:les} has been referenced but does not exist, re
placed by a fixed one


pdfTeX warning (dest): name{figure.caption.70} has been referenced but does not
 exist, replaced by a fixed one


pdfTeX warning (dest): name{figure.caption.69} has been referenced but does not
 exist, replaced by a fixed one


pdfTeX warning (dest): name{figure.caption.68} has been referenced but does not
 exist, replaced by a fixed one


pdfTeX warning (dest): name{figure.caption.67} has been referenced but does not
 exist, replaced by a fixed one


pdfTeX warning (dest): name{figure.caption.66} has been referenced but does not
 exist, replaced by a fixed one


pdfTeX warning (dest): name{figure.caption.65} has been referenced but does not
 exist, replaced by a fixed one


pdfTeX warning (dest): name{figure.caption.64} has been referenced but does not
 exist, replaced by a fixed one


pdfTeX warning (dest): name{figure.caption.63} has been referenced but does not
 exist, replaced by a fixed one


pdfTeX warning (dest): name{figure.caption.58} has been referenced but does not
 exist, replaced by a fixed one


pdfTeX warning (dest): name{chapter*.71} has been referenced but does not exist
, replaced by a fixed one


pdfTeX warning (dest): name{section.5.4} has been referenced but does not exist
, replaced by a fixed one


pdfTeX warning (dest): name{subsection.5.3.2} has been referenced but does not 
exist, replaced by a fixed one


pdfTeX warning (dest): name{subsection.5.3.1} has been referenced but does not 
exist, replaced by a fixed one


pdfTeX warning (dest): name{section.5.3} has been referenced but does not exist
, replaced by a fixed one


pdfTeX warning (dest): name{section.5.2} has been referenced but does not exist
, replaced by a fixed one


pdfTeX warning (dest): name{section.5.1} has been referenced but does not exist
, replaced by a fixed one


pdfTeX warning (dest): name{chapter.5} has been referenced but does not exist, 
replaced by a fixed one


pdfTeX warning (dest): name{subsection.4.2.2} has been referenced but does not 
exist, replaced by a fixed one


pdfTeX warning (dest): name{subsection.4.2.1} has been referenced but does not 
exist, replaced by a fixed one


pdfTeX warning (dest): name{subsection.4.1.2} has been referenced but does not 
exist, replaced by a fixed one


pdfTeX warning (dest): name{subsection.4.1.1} has been referenced but does not 
exist, replaced by a fixed one

</usr/local/texlive/2025/texmf-dist/fonts/type1/public/amsfonts/cm/cmex10.pfb><
/usr/local/texlive/2025/texmf-dist/fonts/type1/public/amsfonts/cm/cmmi10.pfb></
usr/local/texlive/2025/texmf-dist/fonts/type1/public/amsfonts/cm/cmmi12.pfb></u
sr/local/texlive/2025/texmf-dist/fonts/type1/public/amsfonts/cm/cmmi6.pfb></usr
/local/texlive/2025/texmf-dist/fonts/type1/public/amsfonts/cm/cmmi7.pfb></usr/l
ocal/texlive/2025/texmf-dist/fonts/type1/public/amsfonts/cm/cmmi8.pfb></usr/loc
al/texlive/2025/texmf-dist/fonts/type1/public/amsfonts/cm/cmmi9.pfb></usr/local
/texlive/2025/texmf-dist/fonts/type1/public/amsfonts/cm/cmr10.pfb></usr/local/t
exlive/2025/texmf-dist/fonts/type1/public/amsfonts/cm/cmr12.pfb></usr/local/tex
live/2025/texmf-dist/fonts/type1/public/amsfonts/cm/cmr6.pfb></usr/local/texliv
e/2025/texmf-dist/fonts/type1/public/amsfonts/cm/cmr8.pfb></usr/local/texlive/2
025/texmf-dist/fonts/type1/public/amsfonts/cm/cmsy10.pfb></usr/local/texlive/20
25/texmf-dist/fonts/type1/public/amsfonts/cm/cmsy6.pfb></usr/local/texlive/2025
/texmf-dist/fonts/type1/public/amsfonts/cm/cmsy7.pfb></usr/local/texlive/2025/t
exmf-dist/fonts/type1/public/amsfonts/cm/cmsy8.pfb></usr/local/texlive/2025/tex
mf-dist/fonts/type1/public/amsfonts/cm/cmtt10.pfb></usr/local/texlive/2025/texm
f-dist/fonts/type1/public/cm-super/sfbx0900.pfb></usr/local/texlive/2025/texmf-
dist/fonts/type1/public/cm-super/sfbx1000.pfb></usr/local/texlive/2025/texmf-di
st/fonts/type1/public/cm-super/sfbx1095.pfb></usr/local/texlive/2025/texmf-dist
/fonts/type1/public/cm-super/sfbx1200.pfb></usr/local/texlive/2025/texmf-dist/f
onts/type1/public/cm-super/sfbx1440.pfb></usr/local/texlive/2025/texmf-dist/fon
ts/type1/public/cm-super/sfbx1728.pfb></usr/local/texlive/2025/texmf-dist/fonts
/type1/public/cm-super/sfbx2074.pfb></usr/local/texlive/2025/texmf-dist/fonts/t
ype1/public/cm-super/sfcc1095.pfb></usr/local/texlive/2025/texmf-dist/fonts/typ
e1/public/cm-super/sfrm0600.pfb></usr/local/texlive/2025/texmf-dist/fonts/type1
/public/cm-super/sfrm0800.pfb></usr/local/texlive/2025/texmf-dist/fonts/type1/p
ublic/cm-super/sfrm0900.pfb></usr/local/texlive/2025/texmf-dist/fonts/type1/pub
lic/cm-super/sfrm1000.pfb></usr/local/texlive/2025/texmf-dist/fonts/type1/publi
c/cm-super/sfrm1095.pfb></usr/local/texlive/2025/texmf-dist/fonts/type1/public/
cm-super/sfrm1200.pfb></usr/local/texlive/2025/texmf-dist/fonts/type1/public/cm
-super/sfrm1440.pfb></usr/local/texlive/2025/texmf-dist/fonts/type1/public/cm-s
uper/sfrm1728.pfb></usr/local/texlive/2025/texmf-dist/fonts/type1/public/cm-sup
er/sfrm2074.pfb></usr/local/texlive/2025/texmf-dist/fonts/type1/public/cm-super
/sfsl1095.pfb></usr/local/texlive/2025/texmf-dist/fonts/type1/public/cm-super/s
fsx1095.pfb></usr/local/texlive/2025/texmf-dist/fonts/type1/public/cm-super/sft
i1000.pfb></usr/local/texlive/2025/texmf-dist/fonts/type1/public/cm-super/sfti1
095.pfb></usr/local/texlive/2025/texmf-dist/fonts/type1/public/cm-super/sftt109
5.pfb>
Output written on thesis.pdf (45 pages, 1196291 bytes).
Transcript written on thesis.log.
